<?xml version="1.0" encoding="UTF-8"?>
<!-- Generated by org.testng.reporters.JUnitReportReporter -->
<testsuite hostname="DESKTOP-LL1B83L" failures="0" tests="4" name="Youfoodlabs.Youfoodlabs.Homepage_Tab" time="13.558" errors="0" timestamp="2024-12-08T19:09:23 IST" skipped="0">
  <testcase classname="Youfoodlabs.Youfoodlabs.Homepage_Tab" name="TC_02" time="5.731"/>
  <system-out/>
  <testcase classname="Youfoodlabs.Youfoodlabs.Homepage_Tab" name="TC_04" time="0.995"/>
  <system-out/>
  <testcase classname="Youfoodlabs.Youfoodlabs.Homepage_Tab" name="TC_01" time="5.832"/>
  <system-out/>
  <testcase classname="Youfoodlabs.Youfoodlabs.Homepage_Tab" name="TC_03" time="1.000"/>
  <system-out/>
</testsuite> <!-- Youfoodlabs.Youfoodlabs.Homepage_Tab -->
