<?xml version="1.0" encoding="UTF-8"?>
<!-- Generated by org.testng.reporters.JUnitReportReporter -->
<testsuite hostname="DESKTOP-LL1B83L" failures="0" tests="6" name="Youfoodlabs.Youfoodlabs.Checkout" time="17.743" errors="0" timestamp="2024-12-26T12:51:34 IST" skipped="0">
  <testcase classname="Youfoodlabs.Youfoodlabs.Checkout" name="TC_02" time="5.747"/>
  <system-out/>
  <testcase classname="Youfoodlabs.Youfoodlabs.Checkout" name="TC_05" time="0.333"/>
  <system-out/>
  <testcase classname="Youfoodlabs.Youfoodlabs.Checkout" name="TC_03" time="0.156"/>
  <system-out/>
  <testcase classname="Youfoodlabs.Youfoodlabs.Checkout" name="TC_06" time="7.348"/>
  <system-out/>
  <testcase classname="Youfoodlabs.Youfoodlabs.Checkout" name="TC_04" time="4.003"/>
  <system-out/>
  <testcase classname="Youfoodlabs.Youfoodlabs.Checkout" name="TC_01" time="0.156"/>
  <system-out/>
</testsuite> <!-- Youfoodlabs.Youfoodlabs.Checkout -->
