<?xml version="1.0" encoding="UTF-8"?>
<!-- Generated by org.testng.reporters.JUnitReportReporter -->
<testsuite hostname="DESKTOP-LL1B83L" failures="0" tests="4" name="Youfoodlabs.Youfoodlabs.Homepage_Tab" time="11.702" errors="0" timestamp="2024-12-26T12:51:34 IST" skipped="0">
  <testcase classname="Youfoodlabs.Youfoodlabs.Homepage_Tab" name="TC_04" time="0.865"/>
  <system-out/>
  <testcase classname="Youfoodlabs.Youfoodlabs.Homepage_Tab" name="TC_01" time="4.930"/>
  <system-out/>
  <testcase classname="Youfoodlabs.Youfoodlabs.Homepage_Tab" name="TC_03" time="0.928"/>
  <system-out/>
  <testcase classname="Youfoodlabs.Youfoodlabs.Homepage_Tab" name="TC_02" time="4.979"/>
  <system-out/>
</testsuite> <!-- Youfoodlabs.Youfoodlabs.Homepage_Tab -->
