<?xml version="1.0" encoding="UTF-8"?>
<!-- Generated by org.testng.reporters.JUnitReportReporter -->
<testsuite hostname="DESKTOP-LL1B83L" failures="0" tests="4" name="Youfoodlabs.Youfoodlabs.Homepage" time="37.616" errors="0" timestamp="2024-12-24T14:08:26 IST" skipped="0">
  <testcase classname="Youfoodlabs.Youfoodlabs.Homepage" name="TC_03" time="21.671"/>
  <system-out/>
  <testcase classname="Youfoodlabs.Youfoodlabs.Homepage" name="TC_02" time="7.042"/>
  <system-out/>
  <testcase classname="Youfoodlabs.Youfoodlabs.Homepage" name="TC_01" time="3.969"/>
  <system-out/>
  <testcase classname="Youfoodlabs.Youfoodlabs.Homepage" name="TC_04" time="4.934"/>
  <system-out/>
</testsuite> <!-- Youfoodlabs.Youfoodlabs.Homepage -->
