<?xml version="1.0" encoding="UTF-8"?>
<!-- Generated by org.testng.reporters.JUnitReportReporter -->
<testsuite hostname="DESKTOP-LL1B83L" failures="0" tests="6" name="Youfoodlabs.Youfoodlabs.Checkout" time="19.284" errors="0" timestamp="2024-12-24T14:08:26 IST" skipped="0">
  <testcase classname="Youfoodlabs.Youfoodlabs.Checkout" name="TC_06" time="8.021"/>
  <system-out/>
  <testcase classname="Youfoodlabs.Youfoodlabs.Checkout" name="TC_02" time="6.245"/>
  <system-out/>
  <testcase classname="Youfoodlabs.Youfoodlabs.Checkout" name="TC_03" time="0.139"/>
  <system-out/>
  <testcase classname="Youfoodlabs.Youfoodlabs.Checkout" name="TC_04" time="4.210"/>
  <system-out/>
  <testcase classname="Youfoodlabs.Youfoodlabs.Checkout" name="TC_05" time="0.476"/>
  <system-out/>
  <testcase classname="Youfoodlabs.Youfoodlabs.Checkout" name="TC_01" time="0.193"/>
  <system-out/>
</testsuite> <!-- Youfoodlabs.Youfoodlabs.Checkout -->
