<?xml version="1.0" encoding="UTF-8"?>
<!-- Generated by org.testng.reporters.JUnitReportReporter -->
<testsuite hostname="DESKTOP-LL1B83L" failures="0" tests="4" name="Youfoodlabs.Youfoodlabs.Homepage" time="35.102" errors="0" timestamp="2024-12-26T12:51:34 IST" skipped="0">
  <testcase classname="Youfoodlabs.Youfoodlabs.Homepage" name="TC_02" time="5.079"/>
  <system-out/>
  <testcase classname="Youfoodlabs.Youfoodlabs.Homepage" name="TC_03" time="20.855"/>
  <system-out/>
  <testcase classname="Youfoodlabs.Youfoodlabs.Homepage" name="TC_01" time="4.646"/>
  <system-out/>
  <testcase classname="Youfoodlabs.Youfoodlabs.Homepage" name="TC_04" time="4.522"/>
  <system-out/>
</testsuite> <!-- Youfoodlabs.Youfoodlabs.Homepage -->
