<?xml version="1.0" encoding="UTF-8"?>
<!-- Generated by org.testng.reporters.JUnitReportReporter -->
<testsuite hostname="DESKTOP-LL1B83L" failures="0" tests="4" name="Youfoodlabs.Youfoodlabs.Homepage" time="36.990" errors="0" timestamp="2024-12-08T19:07:30 IST" skipped="0">
  <testcase classname="Youfoodlabs.Youfoodlabs.Homepage" name="TC_02" time="6.266"/>
  <system-out/>
  <testcase classname="Youfoodlabs.Youfoodlabs.Homepage" name="TC_03" time="21.212"/>
  <system-out/>
  <testcase classname="Youfoodlabs.Youfoodlabs.Homepage" name="TC_04" time="4.230"/>
  <system-out/>
  <testcase classname="Youfoodlabs.Youfoodlabs.Homepage" name="TC_01" time="5.282"/>
  <system-out/>
</testsuite> <!-- Youfoodlabs.Youfoodlabs.Homepage -->
