<?xml version="1.0" encoding="UTF-8"?>
<!-- Generated by org.testng.reporters.JUnitReportReporter -->
<testsuite hostname="DESKTOP-LL1B83L" failures="0" tests="6" name="Youfoodlabs.Youfoodlabs.Checkout" time="24.979" errors="0" timestamp="2024-12-26T12:17:27 IST" skipped="0">
  <testcase classname="Youfoodlabs.Youfoodlabs.Checkout" name="TC_04" time="5.182"/>
  <system-out/>
  <testcase classname="Youfoodlabs.Youfoodlabs.Checkout" name="TC_03" time="0.446"/>
  <system-out/>
  <testcase classname="Youfoodlabs.Youfoodlabs.Checkout" name="TC_01" time="0.559"/>
  <system-out/>
  <testcase classname="Youfoodlabs.Youfoodlabs.Checkout" name="TC_06" time="11.153"/>
  <system-out/>
  <testcase classname="Youfoodlabs.Youfoodlabs.Checkout" name="TC_05" time="1.094"/>
  <system-out/>
  <testcase classname="Youfoodlabs.Youfoodlabs.Checkout" name="TC_02" time="6.545"/>
  <system-out/>
</testsuite> <!-- Youfoodlabs.Youfoodlabs.Checkout -->
