<?xml version="1.0" encoding="UTF-8"?>
<!-- Generated by org.testng.reporters.JUnitReportReporter -->
<testsuite hostname="DESKTOP-LL1B83L" failures="0" tests="4" name="Youfoodlabs.Youfoodlabs.Homepage_Tab" time="13.623" errors="0" timestamp="2024-12-24T14:06:05 IST" skipped="0">
  <testcase classname="Youfoodlabs.Youfoodlabs.Homepage_Tab" name="TC_04" time="1.173"/>
  <system-out/>
  <testcase classname="Youfoodlabs.Youfoodlabs.Homepage_Tab" name="TC_01" time="5.946"/>
  <system-out/>
  <testcase classname="Youfoodlabs.Youfoodlabs.Homepage_Tab" name="TC_02" time="5.556"/>
  <system-out/>
  <testcase classname="Youfoodlabs.Youfoodlabs.Homepage_Tab" name="TC_03" time="0.948"/>
  <system-out/>
</testsuite> <!-- Youfoodlabs.Youfoodlabs.Homepage_Tab -->
