<?xml version="1.0" encoding="UTF-8"?>
<!-- Generated by org.testng.reporters.JUnitReportReporter -->
<testsuite hostname="DESKTOP-LL1B83L" failures="0" tests="6" name="Youfoodlabs.Youfoodlabs.Checkout" time="19.043" errors="0" timestamp="2024-12-24T14:06:05 IST" skipped="0">
  <testcase classname="Youfoodlabs.Youfoodlabs.Checkout" name="TC_03" time="0.140"/>
  <system-out/>
  <testcase classname="Youfoodlabs.Youfoodlabs.Checkout" name="TC_04" time="4.268"/>
  <system-out/>
  <testcase classname="Youfoodlabs.Youfoodlabs.Checkout" name="TC_06" time="8.153"/>
  <system-out/>
  <testcase classname="Youfoodlabs.Youfoodlabs.Checkout" name="TC_01" time="0.167"/>
  <system-out/>
  <testcase classname="Youfoodlabs.Youfoodlabs.Checkout" name="TC_02" time="5.842"/>
  <system-out/>
  <testcase classname="Youfoodlabs.Youfoodlabs.Checkout" name="TC_05" time="0.473"/>
  <system-out/>
</testsuite> <!-- Youfoodlabs.Youfoodlabs.Checkout -->
